     1                                  global _start                      ; делаем метку метку _start видимой извне
     2                                   
     3                                  section .data                      ; секция данных
     4 00000000 48656C6C6F20776F72-         message db  "Hello world!",10  ; строка для вывода на консоль
     4 00000009 6C64210A           
     5                                      length  equ $ - message
     6                                   
     7                                  section .text                      ; объявление секции кода
     8                                  _start:                            ; точка входа в программу
     9 00000000 B801000000                  mov rax, 1                     ; 1 - номер системного вызова функции write
    10 00000005 BF01000000                  mov rdi, 1                     ; 1 - дескриптор файла стандартного вызова stdout
    11 0000000A 48BE-                       mov rsi, message               ; адрес строки для вывод
    11 0000000C [0000000000000000] 
    12 00000014 BA0D000000                  mov rdx, length                ; количество байтов
    13 00000019 0F05                        syscall                        ; выполняем системный вызов write
    14                                  
    15 0000001B 4883F80D                    cmp rax, length                ; сравниваем значение которое вернул write
    16 0000001F B83C000000                  mov rax, 60                    ; 60 - номер системного вызова exit
    17 00000024 7402                        jz success                     ; если rax = length то переход на метку success
    18 00000026 EB07                        jmp err                        ; иначе на метку err
    19                                  
    20                                  success:            
    21 00000028 BF00000000                  mov rdi, 0
    22 0000002D 0F05                        syscall                        ; выполняем системный вызов exit
    23                                  
    24                                  err:
    25 0000002F 4889C7                      mov rdi, rax
    26 00000032 0F05                        syscall                        ; выполняем системный вызов exit
